[09:55:22] [Thread-4/ERROR]: Can't find the resource index file: C:\Users\tanou\AppData\Roaming\.Nugarium\assets\indexes\1.7.10.json
[09:55:22] [Thread-4/INFO]: Setting user: Simeyte
[09:55:24] [Client thread/INFO]: LWJGL Version: 2.9.1
[09:55:25] [Client thread/ERROR]: Couldn't initialize twitch stream
[09:55:34] [Client thread/INFO]: Reloading ResourceManager: Default, FMLFileResourcePack:Forge Mod Loader, FMLFileResourcePack:Minecraft Forge, FMLFileResourcePack:Not Enough Items, FMLFileResourcePack:Iron Chest
[09:55:36] [Sound Library Loader/INFO]: Sound engine started
[09:55:36] [Client thread/INFO]: Created: 16x16 textures/blocks-atlas
[09:55:36] [Client thread/INFO]: Created: 16x16 textures/items-atlas
[09:55:37] [Client thread/INFO]: Reloading ResourceManager: Default, FMLFileResourcePack:Forge Mod Loader, FMLFileResourcePack:Minecraft Forge, FMLFileResourcePack:Not Enough Items, FMLFileResourcePack:Iron Chest
[09:55:39] [Client thread/INFO]: Created: 512x256 textures/blocks-atlas
[09:55:40] [Client thread/INFO]: Created: 256x256 textures/items-atlas
[09:55:40] [Sound Library Loader/INFO]: Sound engine started
[09:55:46] [Client thread/WARN]: Unable to play unknown soundEvent: minecraft:music.menu
[09:56:11] [Client thread/WARN]: Unable to play unknown soundEvent: minecraft:music.menu
[09:56:23] [Client thread/WARN]: Unable to play unknown soundEvent: minecraft:music.menu
[09:56:27] [Client thread/WARN]: Unable to play unknown soundEvent: minecraft:music.menu
[09:56:33] [Client thread/WARN]: Unable to play unknown soundEvent: minecraft:music.menu
[09:56:58] [Client thread/WARN]: Unable to play unknown soundEvent: minecraft:music.menu
[09:57:08] [Client thread/WARN]: Unable to play unknown soundEvent: minecraft:music.menu
[09:57:31] [Client thread/WARN]: Unable to play unknown soundEvent: minecraft:music.menu
[09:58:01] [Client thread/WARN]: Unable to play unknown soundEvent: minecraft:music.menu
[09:58:16] [Client thread/WARN]: Unable to play unknown soundEvent: minecraft:music.menu
[09:58:26] [Client thread/WARN]: Unable to play unknown soundEvent: minecraft:music.menu
[09:58:42] [Client thread/WARN]: Unable to play unknown soundEvent: minecraft:music.menu
